<?xml version="1.0" encoding="UTF-8"?>
<coverage generated="1536360912723" clover="3.2.0">
  <project timestamp="1536360912723" name="All files">
    <metrics statements="30" coveredstatements="12" conditionals="6" coveredconditionals="0" methods="6" coveredmethods="1" elements="42" coveredelements="13" complexity="0" loc="30" ncloc="30" packages="1" files="1" classes="1">
      <file name="app.js" path="C:\Laboratoria\7-to proyecto\cdmx-2018-01-FE-markdown\src\app.js">
        <metrics statements="30" coveredstatements="12" conditionals="6" coveredconditionals="0" methods="6" coveredmethods="1"/>
        <line num="1" count="1" type="stmt"/>
        <line num="2" count="1" type="stmt"/>
        <line num="3" count="1" type="stmt"/>
        <line num="4" count="1" type="stmt"/>
        <line num="5" count="1" type="stmt"/>
        <line num="6" count="1" type="stmt"/>
        <line num="7" count="1" type="stmt"/>
        <line num="9" count="1" type="stmt"/>
        <line num="10" count="1" type="stmt"/>
        <line num="11" count="0" type="cond" truecount="0" falsecount="2"/>
        <line num="12" count="0" type="stmt"/>
        <line num="14" count="0" type="stmt"/>
        <line num="18" count="1" type="stmt"/>
        <line num="19" count="0" type="stmt"/>
        <line num="20" count="0" type="stmt"/>
        <line num="21" count="0" type="stmt"/>
        <line num="24" count="0" type="stmt"/>
        <line num="27" count="1" type="stmt"/>
        <line num="28" count="0" type="stmt"/>
        <line num="30" count="0" type="stmt"/>
        <line num="33" count="0" type="cond" truecount="0" falsecount="2"/>
        <line num="34" count="0" type="stmt"/>
        <line num="35" count="0" type="stmt"/>
        <line num="36" count="0" type="stmt"/>
        <line num="37" count="0" type="stmt"/>
        <line num="38" count="0" type="stmt"/>
        <line num="43" count="0" type="cond" truecount="0" falsecount="2"/>
        <line num="45" count="0" type="stmt"/>
        <line num="50" count="0" type="stmt"/>
        <line num="91" count="1" type="stmt"/>
      </file>
    </metrics>
  </project>
</coverage>
