{"C:\\Laboratoria\\7-to proyecto\\cdmx-2018-01-FE-markdown\\src\\app.js": {"path":"C:\\Laboratoria\\7-to proyecto\\cdmx-2018-01-FE-markdown\\src\\app.js","statementMap":{"0":{"start":{"line":1,"column":10},"end":{"line":1,"column":87}},"1":{"start":{"line":2,"column":13},"end":{"line":2,"column":28}},"2":{"start":{"line":3,"column":14},"end":{"line":3,"column":16}},"3":{"start":{"line":4,"column":17},"end":{"line":4,"column":19}},"4":{"start":{"line":5,"column":14},"end":{"line":5,"column":16}},"5":{"start":{"line":6,"column":11},"end":{"line":6,"column":24}},"6":{"start":{"line":7,"column":14},"end":{"line":7,"column":35}},"7":{"start":{"line":9,"column":15},"end":{"line":17,"column":1}},"8":{"start":{"line":10,"column":2},"end":{"line":16,"column":4}},"9":{"start":{"line":11,"column":4},"end":{"line":15,"column":5}},"10":{"start":{"line":12,"column":6},"end":{"line":12,"column":36}},"11":{"start":{"line":14,"column":6},"end":{"line":14,"column":20}},"12":{"start":{"line":18,"column":0},"end":{"line":25,"column":5}},"13":{"start":{"line":19,"column":2},"end":{"line":23,"column":5}},"14":{"start":{"line":20,"column":18},"end":{"line":20,"column":25}},"15":{"start":{"line":21,"column":6},"end":{"line":21,"column":23}},"16":{"start":{"line":24,"column":2},"end":{"line":24,"column":13}},"17":{"start":{"line":27,"column":18},"end":{"line":56,"column":1}},"18":{"start":{"line":28,"column":15},"end":{"line":28,"column":33}},"19":{"start":{"line":30,"column":16},"end":{"line":30,"column":37}},"20":{"start":{"line":33,"column":4},"end":{"line":53,"column":4}},"21":{"start":{"line":34,"column":5},"end":{"line":52,"column":6}},"22":{"start":{"line":35,"column":21},"end":{"line":35,"column":28}},"23":{"start":{"line":36,"column":7},"end":{"line":51,"column":9}},"24":{"start":{"line":37,"column":22},"end":{"line":37,"column":32}},"25":{"start":{"line":38,"column":29},"end":{"line":42,"column":10}},"26":{"start":{"line":43,"column":9},"end":{"line":48,"column":10}},"27":{"start":{"line":45,"column":8},"end":{"line":45,"column":120}},"28":{"start":{"line":50,"column":9},"end":{"line":50,"column":34}},"29":{"start":{"line":91,"column":0},"end":{"line":94,"column":1}}},"fnMap":{"0":{"name":"(anonymous_0)","decl":{"start":{"line":9,"column":15},"end":{"line":9,"column":16}},"loc":{"start":{"line":9,"column":29},"end":{"line":17,"column":1}},"line":9},"1":{"name":"(anonymous_1)","decl":{"start":{"line":10,"column":38},"end":{"line":10,"column":39}},"loc":{"start":{"line":10,"column":53},"end":{"line":16,"column":3}},"line":10},"2":{"name":"(anonymous_2)","decl":{"start":{"line":18,"column":18},"end":{"line":18,"column":19}},"loc":{"start":{"line":18,"column":28},"end":{"line":25,"column":3}},"line":18},"3":{"name":"(anonymous_3)","decl":{"start":{"line":27,"column":18},"end":{"line":27,"column":19}},"loc":{"start":{"line":27,"column":22},"end":{"line":56,"column":1}},"line":27},"4":{"name":"(anonymous_4)","decl":{"start":{"line":36,"column":27},"end":{"line":36,"column":28}},"loc":{"start":{"line":36,"column":35},"end":{"line":49,"column":8}},"line":36},"5":{"name":"(anonymous_5)","decl":{"start":{"line":49,"column":16},"end":{"line":49,"column":17}},"loc":{"start":{"line":49,"column":23},"end":{"line":51,"column":8}},"line":49}},"branchMap":{"0":{"loc":{"start":{"line":11,"column":4},"end":{"line":15,"column":5}},"type":"if","locations":[{"start":{"line":11,"column":4},"end":{"line":15,"column":5}},{"start":{"line":11,"column":4},"end":{"line":15,"column":5}}],"line":11},"1":{"loc":{"start":{"line":33,"column":4},"end":{"line":53,"column":4}},"type":"if","locations":[{"start":{"line":33,"column":4},"end":{"line":53,"column":4}},{"start":{"line":33,"column":4},"end":{"line":53,"column":4}}],"line":33},"2":{"loc":{"start":{"line":43,"column":9},"end":{"line":48,"column":10}},"type":"if","locations":[{"start":{"line":43,"column":9},"end":{"line":48,"column":10}},{"start":{"line":43,"column":9},"end":{"line":48,"column":10}}],"line":43}},"s":{"0":1,"1":1,"2":1,"3":1,"4":1,"5":1,"6":1,"7":1,"8":1,"9":0,"10":0,"11":0,"12":1,"13":0,"14":0,"15":0,"16":0,"17":1,"18":0,"19":0,"20":0,"21":0,"22":0,"23":0,"24":0,"25":0,"26":0,"27":0,"28":0,"29":1},"f":{"0":1,"1":0,"2":0,"3":0,"4":0,"5":0},"b":{"0":[0,0],"1":[0,0],"2":[0,0]},"_coverageSchema":"332fd63041d2c1bcb487cc26dd0d5f7d97098a6c","hash":"1bd1184921e7ee14a74045ad1a8bd43b097e3819"}
}
