{"C:\\Laboratoria\\7-to proyecto\\cdmx-2018-01-FE-markdown\\src\\app.js": {"path":"C:\\Laboratoria\\7-to proyecto\\cdmx-2018-01-FE-markdown\\src\\app.js","statementMap":{"0":{"start":{"line":1,"column":10},"end":{"line":1,"column":87}},"1":{"start":{"line":2,"column":13},"end":{"line":2,"column":28}},"2":{"start":{"line":3,"column":14},"end":{"line":3,"column":16}},"3":{"start":{"line":4,"column":17},"end":{"line":4,"column":19}},"4":{"start":{"line":5,"column":21},"end":{"line":5,"column":23}},"5":{"start":{"line":6,"column":17},"end":{"line":6,"column":19}},"6":{"start":{"line":7,"column":11},"end":{"line":7,"column":24}},"7":{"start":{"line":8,"column":14},"end":{"line":8,"column":35}},"8":{"start":{"line":10,"column":15},"end":{"line":18,"column":1}},"9":{"start":{"line":11,"column":2},"end":{"line":17,"column":4}},"10":{"start":{"line":12,"column":4},"end":{"line":16,"column":5}},"11":{"start":{"line":13,"column":6},"end":{"line":13,"column":36}},"12":{"start":{"line":15,"column":6},"end":{"line":15,"column":20}},"13":{"start":{"line":19,"column":0},"end":{"line":26,"column":5}},"14":{"start":{"line":20,"column":2},"end":{"line":24,"column":5}},"15":{"start":{"line":21,"column":18},"end":{"line":21,"column":25}},"16":{"start":{"line":22,"column":6},"end":{"line":22,"column":23}},"17":{"start":{"line":25,"column":2},"end":{"line":25,"column":13}},"18":{"start":{"line":28,"column":18},"end":{"line":60,"column":1}},"19":{"start":{"line":29,"column":15},"end":{"line":29,"column":33}},"20":{"start":{"line":31,"column":16},"end":{"line":31,"column":37}},"21":{"start":{"line":34,"column":4},"end":{"line":58,"column":4}},"22":{"start":{"line":35,"column":5},"end":{"line":57,"column":6}},"23":{"start":{"line":36,"column":21},"end":{"line":36,"column":28}},"24":{"start":{"line":37,"column":7},"end":{"line":56,"column":9}},"25":{"start":{"line":38,"column":22},"end":{"line":38,"column":32}},"26":{"start":{"line":39,"column":29},"end":{"line":43,"column":10}},"27":{"start":{"line":44,"column":9},"end":{"line":53,"column":10}},"28":{"start":{"line":47,"column":9},"end":{"line":47,"column":42}},"29":{"start":{"line":48,"column":9},"end":{"line":48,"column":37}},"30":{"start":{"line":51,"column":10},"end":{"line":51,"column":40}},"31":{"start":{"line":52,"column":10},"end":{"line":52,"column":35}},"32":{"start":{"line":55,"column":9},"end":{"line":55,"column":34}},"33":{"start":{"line":63,"column":0},"end":{"line":66,"column":1}}},"fnMap":{"0":{"name":"(anonymous_0)","decl":{"start":{"line":10,"column":15},"end":{"line":10,"column":16}},"loc":{"start":{"line":10,"column":29},"end":{"line":18,"column":1}},"line":10},"1":{"name":"(anonymous_1)","decl":{"start":{"line":11,"column":38},"end":{"line":11,"column":39}},"loc":{"start":{"line":11,"column":53},"end":{"line":17,"column":3}},"line":11},"2":{"name":"(anonymous_2)","decl":{"start":{"line":19,"column":18},"end":{"line":19,"column":19}},"loc":{"start":{"line":19,"column":28},"end":{"line":26,"column":3}},"line":19},"3":{"name":"(anonymous_3)","decl":{"start":{"line":28,"column":18},"end":{"line":28,"column":19}},"loc":{"start":{"line":28,"column":22},"end":{"line":60,"column":1}},"line":28},"4":{"name":"(anonymous_4)","decl":{"start":{"line":37,"column":27},"end":{"line":37,"column":28}},"loc":{"start":{"line":37,"column":35},"end":{"line":54,"column":8}},"line":37},"5":{"name":"(anonymous_5)","decl":{"start":{"line":54,"column":16},"end":{"line":54,"column":17}},"loc":{"start":{"line":54,"column":23},"end":{"line":56,"column":8}},"line":54}},"branchMap":{"0":{"loc":{"start":{"line":12,"column":4},"end":{"line":16,"column":5}},"type":"if","locations":[{"start":{"line":12,"column":4},"end":{"line":16,"column":5}},{"start":{"line":12,"column":4},"end":{"line":16,"column":5}}],"line":12},"1":{"loc":{"start":{"line":34,"column":4},"end":{"line":58,"column":4}},"type":"if","locations":[{"start":{"line":34,"column":4},"end":{"line":58,"column":4}},{"start":{"line":34,"column":4},"end":{"line":58,"column":4}}],"line":34},"2":{"loc":{"start":{"line":44,"column":9},"end":{"line":53,"column":10}},"type":"if","locations":[{"start":{"line":44,"column":9},"end":{"line":53,"column":10}},{"start":{"line":44,"column":9},"end":{"line":53,"column":10}}],"line":44}},"s":{"0":1,"1":1,"2":1,"3":1,"4":1,"5":1,"6":1,"7":1,"8":1,"9":1,"10":0,"11":0,"12":0,"13":1,"14":0,"15":0,"16":0,"17":0,"18":1,"19":0,"20":0,"21":0,"22":0,"23":0,"24":0,"25":0,"26":0,"27":0,"28":0,"29":0,"30":0,"31":0,"32":0,"33":1},"f":{"0":1,"1":0,"2":0,"3":0,"4":0,"5":0},"b":{"0":[0,0],"1":[0,0],"2":[0,0]},"_coverageSchema":"332fd63041d2c1bcb487cc26dd0d5f7d97098a6c","hash":"fbca93fe3005f40d45e7a99297bb82800cd36446"}
}
